{
  "stats": {
    "suites": 6,
    "tests": 13,
    "passes": 13,
    "pending": 0,
    "failures": 0,
    "start": "2021-03-22T17:39:19.047Z",
    "end": "2021-03-22T17:43:07.068Z",
    "duration": 228021,
    "testsRegistered": 13,
    "passPercent": 100,
    "pendingPercent": 0,
    "other": 0,
    "hasOther": false,
    "skipped": 0,
    "hasSkipped": false
  },
  "results": [
    {
      "uuid": "5fb5ec49-0763-41c2-a89a-cc4ce8a5c0f5",
      "title": "",
      "fullFile": "cypress\\integration\\Cetrogar.spec.js",
      "file": "cypress\\integration\\Cetrogar.spec.js",
      "beforeHooks": [],
      "afterHooks": [],
      "tests": [],
      "suites": [
        {
          "uuid": "f6533704-9f3b-4b44-965b-00fc8b82c5b3",
          "title": "Cetrogar",
          "fullFile": "",
          "file": "",
          "beforeHooks": [],
          "afterHooks": [],
          "tests": [],
          "suites": [
            {
              "uuid": "26d910ad-dd58-443b-8a09-a4a6aa1a89db",
              "title": "Gondolas categoria",
              "fullFile": "",
              "file": "",
              "beforeHooks": [],
              "afterHooks": [],
              "tests": [
                {
                  "title": "Aparece banner categoria Smart Tv",
                  "fullTitle": "Cetrogar Gondolas categoria Aparece banner categoria Smart Tv",
                  "timedOut": null,
                  "duration": 14549,
                  "state": "passed",
                  "speed": "slow",
                  "pass": true,
                  "fail": false,
                  "pending": false,
                  "context": null,
                  "code": "cy.visit(\"/tecnologia/tv-video/led-y-smartv.html\");\ncy.checkGondolaIframe(\"Braindw2\");",
                  "err": {},
                  "uuid": "234003bf-4d99-4a26-9cfb-5e5303049c8c",
                  "parentUUID": "26d910ad-dd58-443b-8a09-a4a6aa1a89db",
                  "isHook": false,
                  "skipped": false
                },
                {
                  "title": "Aparece banner categoria Lavarropas",
                  "fullTitle": "Cetrogar Gondolas categoria Aparece banner categoria Lavarropas",
                  "timedOut": null,
                  "duration": 11600,
                  "state": "passed",
                  "speed": "slow",
                  "pass": true,
                  "fail": false,
                  "pending": false,
                  "context": null,
                  "code": "cy.visit(\"/electrodomesticos/lavarropas-secarropas/lavarropas.html\");\ncy.checkGondolaIframe(\"Braindw2\");",
                  "err": {},
                  "uuid": "007f14d4-8d3a-42ad-8347-6a10d1313729",
                  "parentUUID": "26d910ad-dd58-443b-8a09-a4a6aa1a89db",
                  "isHook": false,
                  "skipped": false
                }
              ],
              "suites": [],
              "passes": [
                "234003bf-4d99-4a26-9cfb-5e5303049c8c",
                "007f14d4-8d3a-42ad-8347-6a10d1313729"
              ],
              "failures": [],
              "pending": [],
              "skipped": [],
              "duration": 26149,
              "root": false,
              "rootEmpty": false,
              "_timeout": 2000
            },
            {
              "uuid": "eb965e12-2c1b-43da-b696-41eaf4ff7558",
              "title": "Gondolas grilla producto",
              "fullFile": "",
              "file": "",
              "beforeHooks": [],
              "afterHooks": [],
              "tests": [],
              "suites": [
                {
                  "uuid": "94307186-4762-4ced-8022-46cbcd2bac34",
                  "title": "Producto 1",
                  "fullFile": "",
                  "file": "",
                  "beforeHooks": [],
                  "afterHooks": [],
                  "tests": [
                    {
                      "title": "Aparece gondola Otros tambien vieron",
                      "fullTitle": "Cetrogar Gondolas grilla producto Producto 1 Aparece gondola Otros tambien vieron",
                      "timedOut": null,
                      "duration": 19754,
                      "state": "passed",
                      "speed": "slow",
                      "pass": true,
                      "fail": false,
                      "pending": false,
                      "context": null,
                      "code": "cy.visit(\"/electrodomesticos/lavarropas-secarropas/lavarropas.html\");\ncy.get(\".product-item .product-item-photo\").eq(0).click({\n  force: true\n});\ncy.checkGondolaIframe(\"Braindw15\");",
                      "err": {},
                      "uuid": "f98d54b8-902d-4984-b831-a303db621c9c",
                      "parentUUID": "94307186-4762-4ced-8022-46cbcd2bac34",
                      "isHook": false,
                      "skipped": false
                    },
                    {
                      "title": "Aparece gondola Tambien te puede interesar",
                      "fullTitle": "Cetrogar Gondolas grilla producto Producto 1 Aparece gondola Tambien te puede interesar",
                      "timedOut": null,
                      "duration": 13827,
                      "state": "passed",
                      "speed": "slow",
                      "pass": true,
                      "fail": false,
                      "pending": false,
                      "context": null,
                      "code": "cy.visit(\"/electrodomesticos/lavarropas-secarropas/lavarropas.html\");\ncy.get(\".product-item .product-item-photo\").eq(0).click({\n  force: true\n});\ncy.checkGondolaIframe(\"Braindw16\");",
                      "err": {},
                      "uuid": "200934a0-1e62-4edd-97c2-39a3cb944a92",
                      "parentUUID": "94307186-4762-4ced-8022-46cbcd2bac34",
                      "isHook": false,
                      "skipped": false
                    }
                  ],
                  "suites": [],
                  "passes": [
                    "f98d54b8-902d-4984-b831-a303db621c9c",
                    "200934a0-1e62-4edd-97c2-39a3cb944a92"
                  ],
                  "failures": [],
                  "pending": [],
                  "skipped": [],
                  "duration": 33581,
                  "root": false,
                  "rootEmpty": false,
                  "_timeout": 2000
                },
                {
                  "uuid": "a3298bdf-8dcd-4345-84b4-ba60bdbc2492",
                  "title": "Producto 2",
                  "fullFile": "",
                  "file": "",
                  "beforeHooks": [],
                  "afterHooks": [],
                  "tests": [
                    {
                      "title": "Aparece gondola Otros tambien vieron",
                      "fullTitle": "Cetrogar Gondolas grilla producto Producto 2 Aparece gondola Otros tambien vieron",
                      "timedOut": null,
                      "duration": 16329,
                      "state": "passed",
                      "speed": "slow",
                      "pass": true,
                      "fail": false,
                      "pending": false,
                      "context": null,
                      "code": "cy.visit(\"/electrodomesticos/lavarropas-secarropas/lavarropas.html\");\ncy.get(\".product-item .product-item-photo\").eq(1).click({\n  force: true\n});\ncy.checkGondolaIframe(\"Braindw15\");",
                      "err": {},
                      "uuid": "66625cce-f342-45c5-b79b-1c776152b4e4",
                      "parentUUID": "a3298bdf-8dcd-4345-84b4-ba60bdbc2492",
                      "isHook": false,
                      "skipped": false
                    },
                    {
                      "title": "Aparece gondola Tambien te puede interesar",
                      "fullTitle": "Cetrogar Gondolas grilla producto Producto 2 Aparece gondola Tambien te puede interesar",
                      "timedOut": null,
                      "duration": 16877,
                      "state": "passed",
                      "speed": "slow",
                      "pass": true,
                      "fail": false,
                      "pending": false,
                      "context": null,
                      "code": "cy.visit(\"/electrodomesticos/lavarropas-secarropas/lavarropas.html\");\ncy.get(\".product-item .product-item-photo\").eq(1).click({\n  force: true\n});\ncy.checkGondolaIframe(\"Braindw16\");",
                      "err": {},
                      "uuid": "e15f32a2-efa0-4bf1-8978-04b49f74db14",
                      "parentUUID": "a3298bdf-8dcd-4345-84b4-ba60bdbc2492",
                      "isHook": false,
                      "skipped": false
                    }
                  ],
                  "suites": [],
                  "passes": [
                    "66625cce-f342-45c5-b79b-1c776152b4e4",
                    "e15f32a2-efa0-4bf1-8978-04b49f74db14"
                  ],
                  "failures": [],
                  "pending": [],
                  "skipped": [],
                  "duration": 33206,
                  "root": false,
                  "rootEmpty": false,
                  "_timeout": 2000
                }
              ],
              "passes": [],
              "failures": [],
              "pending": [],
              "skipped": [],
              "duration": 0,
              "root": false,
              "rootEmpty": false,
              "_timeout": 2000
            },
            {
              "uuid": "432b1c8f-51c9-4782-a00c-2e96b7ad3d8d",
              "title": "Gondolas Home",
              "fullFile": "",
              "file": "",
              "beforeHooks": [],
              "afterHooks": [],
              "tests": [
                {
                  "title": "Aparece 'Ofertas en Smartphones' gondola braindw-gondola-ID-home-6",
                  "fullTitle": "Cetrogar Gondolas Home Aparece 'Ofertas en Smartphones' gondola braindw-gondola-ID-home-6",
                  "timedOut": null,
                  "duration": 17698,
                  "state": "passed",
                  "speed": "slow",
                  "pass": true,
                  "fail": false,
                  "pending": false,
                  "context": null,
                  "code": "cy.visit(\"/\");\ncy.checkGondolaIframe(\"Braindw12\");",
                  "err": {},
                  "uuid": "1a374d4d-ac75-4956-a7ad-217d6effb214",
                  "parentUUID": "432b1c8f-51c9-4782-a00c-2e96b7ad3d8d",
                  "isHook": false,
                  "skipped": false
                },
                {
                  "title": "Aparece gondola 'Ofertas en Tecnología' braindw-gondola-ID-home-2",
                  "fullTitle": "Cetrogar Gondolas Home Aparece gondola 'Ofertas en Tecnología' braindw-gondola-ID-home-2",
                  "timedOut": null,
                  "duration": 12995,
                  "state": "passed",
                  "speed": "slow",
                  "pass": true,
                  "fail": false,
                  "pending": false,
                  "context": null,
                  "code": "cy.visit(\"/\");\ncy.checkGondolaIframe(\"Braindw5\");",
                  "err": {},
                  "uuid": "bb597453-39c6-4e12-a586-9fd70ebb5684",
                  "parentUUID": "432b1c8f-51c9-4782-a00c-2e96b7ad3d8d",
                  "isHook": false,
                  "skipped": false
                },
                {
                  "title": "Aparece 'Ofertas Smart TV gondola braindw-gondola-ID-home-3",
                  "fullTitle": "Cetrogar Gondolas Home Aparece 'Ofertas Smart TV gondola braindw-gondola-ID-home-3",
                  "timedOut": null,
                  "duration": 14095,
                  "state": "passed",
                  "speed": "slow",
                  "pass": true,
                  "fail": false,
                  "pending": false,
                  "context": null,
                  "code": "cy.visit(\"/\");\ncy.checkGondolaIframe(\"Braindw13\");",
                  "err": {},
                  "uuid": "13080c1c-c75c-4142-8c10-7771330dd43b",
                  "parentUUID": "432b1c8f-51c9-4782-a00c-2e96b7ad3d8d",
                  "isHook": false,
                  "skipped": false
                },
                {
                  "title": "Aparece gondola 'Ofertas en Herramientas' braindw-gondola-ID-home-5",
                  "fullTitle": "Cetrogar Gondolas Home Aparece gondola 'Ofertas en Herramientas' braindw-gondola-ID-home-5",
                  "timedOut": null,
                  "duration": 13063,
                  "state": "passed",
                  "speed": "slow",
                  "pass": true,
                  "fail": false,
                  "pending": false,
                  "context": null,
                  "code": "cy.visit(\"/\");\ncy.checkGondolaIframe(\"Braindw8\");",
                  "err": {},
                  "uuid": "81b08d03-b751-428e-af17-180f71249e72",
                  "parentUUID": "432b1c8f-51c9-4782-a00c-2e96b7ad3d8d",
                  "isHook": false,
                  "skipped": false
                },
                {
                  "title": "Aparece gondola 'Ofertas Pequeños Electrodomésticos' braindw-gondola-ID-home-4",
                  "fullTitle": "Cetrogar Gondolas Home Aparece gondola 'Ofertas Pequeños Electrodomésticos' braindw-gondola-ID-home-4",
                  "timedOut": null,
                  "duration": 13597,
                  "state": "passed",
                  "speed": "slow",
                  "pass": true,
                  "fail": false,
                  "pending": false,
                  "context": null,
                  "code": "cy.visit(\"/\");\ncy.checkGondolaIframe(\"Braindw9\");",
                  "err": {},
                  "uuid": "35586664-22e0-415b-966c-23bfcd41e650",
                  "parentUUID": "432b1c8f-51c9-4782-a00c-2e96b7ad3d8d",
                  "isHook": false,
                  "skipped": false
                },
                {
                  "title": "Aparece gondola 'Los mas comprados' braindw-gondola-ID-home-8",
                  "fullTitle": "Cetrogar Gondolas Home Aparece gondola 'Los mas comprados' braindw-gondola-ID-home-8",
                  "timedOut": null,
                  "duration": 12998,
                  "state": "passed",
                  "speed": "slow",
                  "pass": true,
                  "fail": false,
                  "pending": false,
                  "context": null,
                  "code": "cy.visit(\"/\");\ncy.checkGondolaIframe(\"Braindw10\");",
                  "err": {},
                  "uuid": "46ce5424-b355-41d6-a77d-2b71b66f962f",
                  "parentUUID": "432b1c8f-51c9-4782-a00c-2e96b7ad3d8d",
                  "isHook": false,
                  "skipped": false
                },
                {
                  "title": "Aparece gondola 'Última categoria visitada' braindw-gondola-ID-home-10",
                  "fullTitle": "Cetrogar Gondolas Home Aparece gondola 'Última categoria visitada' braindw-gondola-ID-home-10",
                  "timedOut": null,
                  "duration": 14678,
                  "state": "passed",
                  "speed": "slow",
                  "pass": true,
                  "fail": false,
                  "pending": false,
                  "context": null,
                  "code": "cy.visit(\"/\");\ncy.checkGondolaIframe(\"Braindw6\");",
                  "err": {},
                  "uuid": "6ed35fe4-10cb-421a-b053-0dcfe314a518",
                  "parentUUID": "432b1c8f-51c9-4782-a00c-2e96b7ad3d8d",
                  "isHook": false,
                  "skipped": false
                }
              ],
              "suites": [],
              "passes": [
                "1a374d4d-ac75-4956-a7ad-217d6effb214",
                "bb597453-39c6-4e12-a586-9fd70ebb5684",
                "13080c1c-c75c-4142-8c10-7771330dd43b",
                "81b08d03-b751-428e-af17-180f71249e72",
                "35586664-22e0-415b-966c-23bfcd41e650",
                "46ce5424-b355-41d6-a77d-2b71b66f962f",
                "6ed35fe4-10cb-421a-b053-0dcfe314a518"
              ],
              "failures": [],
              "pending": [],
              "skipped": [],
              "duration": 99124,
              "root": false,
              "rootEmpty": false,
              "_timeout": 2000
            }
          ],
          "passes": [],
          "failures": [],
          "pending": [],
          "skipped": [],
          "duration": 0,
          "root": false,
          "rootEmpty": false,
          "_timeout": 2000
        }
      ],
      "passes": [],
      "failures": [],
      "pending": [],
      "skipped": [],
      "duration": 0,
      "root": true,
      "rootEmpty": true,
      "_timeout": 2000
    }
  ],
  "meta": {
    "mocha": {
      "version": "7.0.1"
    },
    "mochawesome": {
      "options": {
        "quiet": false,
        "reportFilename": "mochawesome",
        "saveHtml": false,
        "saveJson": true,
        "consoleReporter": "spec",
        "useInlineDiffs": false,
        "code": true
      },
      "version": "6.2.2"
    },
    "marge": {
      "options": {
        "id": "default",
        "reportDir": "cypress/reports/mocha",
        "quite": true,
        "overwrite": false,
        "html": false,
        "json": true
      },
      "version": "5.2.0"
    }
  }
}