{
  "stats": {
    "suites": 6,
    "tests": 9,
    "passes": 9,
    "pending": 0,
    "failures": 0,
    "start": "2021-03-22T17:37:30.035Z",
    "end": "2021-03-22T17:39:14.837Z",
    "duration": 104802,
    "testsRegistered": 9,
    "passPercent": 100,
    "pendingPercent": 0,
    "other": 0,
    "hasOther": false,
    "skipped": 0,
    "hasSkipped": false
  },
  "results": [
    {
      "uuid": "eb6a4f6a-9da8-475a-a975-4a9722d8441f",
      "title": "",
      "fullFile": "cypress\\integration\\Blaisten.spec.js",
      "file": "cypress\\integration\\Blaisten.spec.js",
      "beforeHooks": [],
      "afterHooks": [],
      "tests": [],
      "suites": [
        {
          "uuid": "47b125de-1802-4401-86a7-6193b56f4bc8",
          "title": "Blaisten",
          "fullFile": "",
          "file": "",
          "beforeHooks": [],
          "afterHooks": [],
          "tests": [],
          "suites": [
            {
              "uuid": "3e93b390-25f4-430d-ad7f-4b8a9b2cb92c",
              "title": "Home",
              "fullFile": "",
              "file": "",
              "beforeHooks": [],
              "afterHooks": [],
              "tests": [],
              "suites": [
                {
                  "uuid": "b0f17590-1c27-463b-9ad2-b190ddf5c244",
                  "title": "Gondolas Home Ultimos Navegados",
                  "fullFile": "",
                  "file": "",
                  "beforeHooks": [],
                  "afterHooks": [],
                  "tests": [
                    {
                      "title": "Producto 1 Cross Directa en tecla-doble-accionamiento-para-valvula",
                      "fullTitle": "Blaisten Home Gondolas Home Ultimos Navegados Producto 1 Cross Directa en tecla-doble-accionamiento-para-valvula",
                      "timedOut": null,
                      "duration": 9218,
                      "state": "passed",
                      "speed": "slow",
                      "pass": true,
                      "fail": false,
                      "pending": false,
                      "context": null,
                      "code": "cy.visit(\"/tecla-doble-accionamiento-para-valvula-de-inodoro/p\");\ncy.get(\"#braindw-topten-producto .owl-item\");",
                      "err": {},
                      "uuid": "a58a15d9-bd0c-435b-8b85-08c25647e1d3",
                      "parentUUID": "b0f17590-1c27-463b-9ad2-b190ddf5c244",
                      "isHook": false,
                      "skipped": false
                    },
                    {
                      "title": "Producto 2 Cross Directa en inodoro-bari-largo-blanco",
                      "fullTitle": "Blaisten Home Gondolas Home Ultimos Navegados Producto 2 Cross Directa en inodoro-bari-largo-blanco",
                      "timedOut": null,
                      "duration": 6226,
                      "state": "passed",
                      "speed": "slow",
                      "pass": true,
                      "fail": false,
                      "pending": false,
                      "context": null,
                      "code": "cy.visit(\"/porcelanato-reserve-tiza-61x61-cm-/p\");\ncy.get(\"#braindw-topten-producto .owl-item\");",
                      "err": {},
                      "uuid": "e91b0ac6-d3b6-4389-af60-ad5858f6671b",
                      "parentUUID": "b0f17590-1c27-463b-9ad2-b190ddf5c244",
                      "isHook": false,
                      "skipped": false
                    },
                    {
                      "title": "Producto 2 Productos Relacionados en inodoro-bari-largo-blanco",
                      "fullTitle": "Blaisten Home Gondolas Home Ultimos Navegados Producto 2 Productos Relacionados en inodoro-bari-largo-blanco",
                      "timedOut": null,
                      "duration": 4159,
                      "state": "passed",
                      "speed": "slow",
                      "pass": true,
                      "fail": false,
                      "pending": false,
                      "context": null,
                      "code": "cy.visit(\"/porcelanato-reserve-tiza-61x61-cm-/p\");\ncy.get(\"#braindw-ultima-categoria-producto .owl-item\");",
                      "err": {},
                      "uuid": "b6dda593-64ef-48a5-84b8-132f4d468e3f",
                      "parentUUID": "b0f17590-1c27-463b-9ad2-b190ddf5c244",
                      "isHook": false,
                      "skipped": false
                    },
                    {
                      "title": "Producto 3 Cross Directa en bidet-bari-3-agujeros-blanco ",
                      "fullTitle": "Blaisten Home Gondolas Home Ultimos Navegados Producto 3 Cross Directa en bidet-bari-3-agujeros-blanco ",
                      "timedOut": null,
                      "duration": 8535,
                      "state": "passed",
                      "speed": "slow",
                      "pass": true,
                      "fail": false,
                      "pending": false,
                      "context": null,
                      "code": "cy.visit(\"/adhesivo-blanco-pro/p\");\ncy.get(\"#braindw-topten-producto .owl-item\");",
                      "err": {},
                      "uuid": "2659e997-22c9-49ea-bf94-92010fd722d5",
                      "parentUUID": "b0f17590-1c27-463b-9ad2-b190ddf5c244",
                      "isHook": false,
                      "skipped": false
                    },
                    {
                      "title": "Producto 3 Productos Relacionados en inodoro-bari-largo-blanco",
                      "fullTitle": "Blaisten Home Gondolas Home Ultimos Navegados Producto 3 Productos Relacionados en inodoro-bari-largo-blanco",
                      "timedOut": null,
                      "duration": 4301,
                      "state": "passed",
                      "speed": "slow",
                      "pass": true,
                      "fail": false,
                      "pending": false,
                      "context": null,
                      "code": "cy.visit(\"/adhesivo-blanco-pro/p\");\ncy.get(\"#braindw-ultima-categoria-producto .owl-item\");",
                      "err": {},
                      "uuid": "b34b8818-8dbc-4b99-8b0b-12bb68de4906",
                      "parentUUID": "b0f17590-1c27-463b-9ad2-b190ddf5c244",
                      "isHook": false,
                      "skipped": false
                    },
                    {
                      "title": "Aparece Gondola Ultimos Navegados Home",
                      "fullTitle": "Blaisten Home Gondolas Home Ultimos Navegados Aparece Gondola Ultimos Navegados Home",
                      "timedOut": null,
                      "duration": 5861,
                      "state": "passed",
                      "speed": "slow",
                      "pass": true,
                      "fail": false,
                      "pending": false,
                      "context": null,
                      "code": "cy.visit(\"/\");\ncy.get(\"#braindw-ultimos-navegados-home .owl-item\");",
                      "err": {},
                      "uuid": "13b2592d-1841-4bf9-9d9c-bda626af3f96",
                      "parentUUID": "b0f17590-1c27-463b-9ad2-b190ddf5c244",
                      "isHook": false,
                      "skipped": false
                    }
                  ],
                  "suites": [],
                  "passes": [
                    "a58a15d9-bd0c-435b-8b85-08c25647e1d3",
                    "e91b0ac6-d3b6-4389-af60-ad5858f6671b",
                    "b6dda593-64ef-48a5-84b8-132f4d468e3f",
                    "2659e997-22c9-49ea-bf94-92010fd722d5",
                    "b34b8818-8dbc-4b99-8b0b-12bb68de4906",
                    "13b2592d-1841-4bf9-9d9c-bda626af3f96"
                  ],
                  "failures": [],
                  "pending": [],
                  "skipped": [],
                  "duration": 38300,
                  "root": false,
                  "rootEmpty": false,
                  "_timeout": 2000
                },
                {
                  "uuid": "80ee4a32-ee88-47dc-befe-c3024a38ecfe",
                  "title": "Gondolas Home Los mas Vistos",
                  "fullFile": "",
                  "file": "",
                  "beforeHooks": [],
                  "afterHooks": [],
                  "tests": [
                    {
                      "title": "Aparece Gondola Los Mas Vistos",
                      "fullTitle": "Blaisten Home Gondolas Home Los mas Vistos Aparece Gondola Los Mas Vistos",
                      "timedOut": null,
                      "duration": 3124,
                      "state": "passed",
                      "speed": "slow",
                      "pass": true,
                      "fail": false,
                      "pending": false,
                      "context": null,
                      "code": "cy.visit(\"/\");\ncy.get(\"#braindw-topten-home .owl-item\");",
                      "err": {},
                      "uuid": "c8d47c67-515c-4981-9dc3-0350a38f3de2",
                      "parentUUID": "80ee4a32-ee88-47dc-befe-c3024a38ecfe",
                      "isHook": false,
                      "skipped": false
                    }
                  ],
                  "suites": [],
                  "passes": [
                    "c8d47c67-515c-4981-9dc3-0350a38f3de2"
                  ],
                  "failures": [],
                  "pending": [],
                  "skipped": [],
                  "duration": 3124,
                  "root": false,
                  "rootEmpty": false,
                  "_timeout": 2000
                },
                {
                  "uuid": "4f97d4e6-8010-498f-a833-0220dcb7b43a",
                  "title": "Gondolas Home Tambien te podria Interesar",
                  "fullFile": "",
                  "file": "",
                  "beforeHooks": [],
                  "afterHooks": [],
                  "tests": [
                    {
                      "title": "Aparece Gondola Tambien te podria Interesar",
                      "fullTitle": "Blaisten Home Gondolas Home Tambien te podria Interesar Aparece Gondola Tambien te podria Interesar",
                      "timedOut": null,
                      "duration": 2692,
                      "state": "passed",
                      "speed": "slow",
                      "pass": true,
                      "fail": false,
                      "pending": false,
                      "context": null,
                      "code": "cy.visit(\"/\");\ncy.get(\"#braindw-ultima-categoria-home .owl-item\");",
                      "err": {},
                      "uuid": "68c463fb-2a43-432e-9657-ac712880ae52",
                      "parentUUID": "4f97d4e6-8010-498f-a833-0220dcb7b43a",
                      "isHook": false,
                      "skipped": false
                    }
                  ],
                  "suites": [],
                  "passes": [
                    "68c463fb-2a43-432e-9657-ac712880ae52"
                  ],
                  "failures": [],
                  "pending": [],
                  "skipped": [],
                  "duration": 2692,
                  "root": false,
                  "rootEmpty": false,
                  "_timeout": 2000
                },
                {
                  "uuid": "0e4694c8-8d51-4c3c-b1ca-8682105e6994",
                  "title": "Banner Header",
                  "fullFile": "",
                  "file": "",
                  "beforeHooks": [],
                  "afterHooks": [],
                  "tests": [
                    {
                      "title": "Aparece Banner Header Banera y Ducha",
                      "fullTitle": "Blaisten Home Banner Header Aparece Banner Header Banera y Ducha",
                      "timedOut": null,
                      "duration": 5886,
                      "state": "passed",
                      "speed": "slow",
                      "pass": true,
                      "fail": false,
                      "pending": false,
                      "context": null,
                      "code": "cy.visit(\"/griferias/griferias-de-bano/banera-y-ducha\");\ncy.get(\".braindw_owl-carousel .owl-item\");",
                      "err": {},
                      "uuid": "d11d6675-2e0a-4939-867e-6c2e033149de",
                      "parentUUID": "0e4694c8-8d51-4c3c-b1ca-8682105e6994",
                      "isHook": false,
                      "skipped": false
                    }
                  ],
                  "suites": [],
                  "passes": [
                    "d11d6675-2e0a-4939-867e-6c2e033149de"
                  ],
                  "failures": [],
                  "pending": [],
                  "skipped": [],
                  "duration": 5886,
                  "root": false,
                  "rootEmpty": false,
                  "_timeout": 2000
                }
              ],
              "passes": [],
              "failures": [],
              "pending": [],
              "skipped": [],
              "duration": 0,
              "root": false,
              "rootEmpty": false,
              "_timeout": 2000
            }
          ],
          "passes": [],
          "failures": [],
          "pending": [],
          "skipped": [],
          "duration": 0,
          "root": false,
          "rootEmpty": false,
          "_timeout": 2000
        }
      ],
      "passes": [],
      "failures": [],
      "pending": [],
      "skipped": [],
      "duration": 0,
      "root": true,
      "rootEmpty": true,
      "_timeout": 2000
    }
  ],
  "meta": {
    "mocha": {
      "version": "7.0.1"
    },
    "mochawesome": {
      "options": {
        "quiet": false,
        "reportFilename": "mochawesome",
        "saveHtml": false,
        "saveJson": true,
        "consoleReporter": "spec",
        "useInlineDiffs": false,
        "code": true
      },
      "version": "6.2.2"
    },
    "marge": {
      "options": {
        "id": "default",
        "reportDir": "cypress/reports/mocha",
        "quite": true,
        "overwrite": false,
        "html": false,
        "json": true
      },
      "version": "5.2.0"
    }
  }
}